  Background.cpp
  Coin.cpp
  Game.cpp
  Mario.cpp
D:\HCMUS\MarioGame\MarioGame\MarioGame\Mario.cpp(221,42): warning C4244: 'argument': conversion from 'T' to 'float', possible loss of data
D:\HCMUS\MarioGame\MarioGame\MarioGame\Mario.cpp(221,42): warning C4244:         with
D:\HCMUS\MarioGame\MarioGame\MarioGame\Mario.cpp(221,42): warning C4244:         [
D:\HCMUS\MarioGame\MarioGame\MarioGame\Mario.cpp(221,42): warning C4244:             T=unsigned int
D:\HCMUS\MarioGame\MarioGame\MarioGame\Mario.cpp(221,42): warning C4244:         ]
D:\HCMUS\MarioGame\MarioGame\MarioGame\Mario.cpp(229,47): warning C4244: 'argument': conversion from 'T' to 'float', possible loss of data
D:\HCMUS\MarioGame\MarioGame\MarioGame\Mario.cpp(229,47): warning C4244:         with
D:\HCMUS\MarioGame\MarioGame\MarioGame\Mario.cpp(229,47): warning C4244:         [
D:\HCMUS\MarioGame\MarioGame\MarioGame\Mario.cpp(229,47): warning C4244:             T=unsigned int
D:\HCMUS\MarioGame\MarioGame\MarioGame\Mario.cpp(229,47): warning C4244:         ]
  SoundManagement.cpp
  UICounter.cpp
  Generating Code...
D:\HCMUS\MarioGame\MarioGame\MarioGame\SoundManagement.cpp(37,1): warning C4715: 'SoundManager::getPlayedStatus': not all control paths return a value
  MarioGame.vcxproj -> D:\HCMUS\MarioGame\MarioGame\x64\Debug\MarioGame.exe
  'pwsh.exe' is not recognized as an internal or external command,
  operable program or batch file.
