d:\hcmus\mariogame\mariogame\mariogame\x64\debug\vc143.pdb
d:\hcmus\mariogame\mariogame\mariogame\x64\debug\vc143.idb
d:\hcmus\mariogame\mariogame\mariogame\x64\debug\mario.obj
d:\hcmus\mariogame\mariogame\mariogame\x64\debug\game.obj
d:\hcmus\mariogame\mariogame\mariogame\x64\debug\camera.obj
d:\hcmus\mariogame\mariogame\mariogame\x64\debug\map.obj
d:\hcmus\mariogame\mariogame\mariogame\x64\debug\main.obj
d:\hcmus\mariogame\mariogame\mariogame\x64\debug\animation.obj
d:\hcmus\mariogame\mariogame\mariogame\x64\debug\background.obj
d:\hcmus\mariogame\mariogame\mariogame\x64\debug\overlay.obj
d:\hcmus\mariogame\mariogame\mariogame\x64\debug\enemy.obj
d:\hcmus\mariogame\mariogame\x64\debug\mariogame.exe
d:\hcmus\mariogame\mariogame\mariogame\x64\debug\mariogame.ilk
d:\hcmus\mariogame\mariogame\x64\debug\mariogame.pdb
d:\hcmus\mariogame\mariogame\mariogame\x64\debug\physics.obj
d:\hcmus\mariogame\mariogame\mariogame\x64\debug\renderer.obj
d:\hcmus\mariogame\mariogame\mariogame\x64\debug\resources.obj
d:\hcmus\mariogame\mariogame\mariogame\x64\debug\mario.obj.enc
d:\hcmus\mariogame\mariogame\mariogame\x64\debug\mariogame.tlog\cl.command.1.tlog
d:\hcmus\mariogame\mariogame\mariogame\x64\debug\mariogame.tlog\cl.items.tlog
d:\hcmus\mariogame\mariogame\mariogame\x64\debug\mariogame.tlog\cl.read.1.tlog
d:\hcmus\mariogame\mariogame\mariogame\x64\debug\mariogame.tlog\cl.write.1.tlog
d:\hcmus\mariogame\mariogame\mariogame\x64\debug\mariogame.tlog\link.command.1.tlog
d:\hcmus\mariogame\mariogame\mariogame\x64\debug\mariogame.tlog\link.read.1.tlog
d:\hcmus\mariogame\mariogame\mariogame\x64\debug\mariogame.tlog\link.write.1.tlog
